mode: set
github.com/larksuite/cli/shortcuts/doc/doc_media_download.go:45.86,49.32 4 0
github.com/larksuite/cli/shortcuts/doc/doc_media_download.go:49.32,54.4 1 0
github.com/larksuite/cli/shortcuts/doc/doc_media_download.go:55.3,58.49 1 0
github.com/larksuite/cli/shortcuts/doc/doc_media_download.go:60.75,66.65 5 1
github.com/larksuite/cli/shortcuts/doc/doc_media_download.go:66.65,68.4 1 0
github.com/larksuite/cli/shortcuts/doc/doc_media_download.go:70.3,70.64 1 1
github.com/larksuite/cli/shortcuts/doc/doc_media_download.go:70.64,72.4 1 0
github.com/larksuite/cli/shortcuts/doc/doc_media_download.go:74.3,79.32 4 1
github.com/larksuite/cli/shortcuts/doc/doc_media_download.go:79.32,81.4 1 0
github.com/larksuite/cli/shortcuts/doc/doc_media_download.go:81.9,83.4 1 1
github.com/larksuite/cli/shortcuts/doc/doc_media_download.go:85.3,89.17 2 1
github.com/larksuite/cli/shortcuts/doc/doc_media_download.go:89.17,91.4 1 0
github.com/larksuite/cli/shortcuts/doc/doc_media_download.go:92.3,92.32 1 1
github.com/larksuite/cli/shortcuts/doc/doc_media_download.go:92.32,94.4 1 1
github.com/larksuite/cli/shortcuts/doc/doc_media_download.go:97.3,99.23 3 1
github.com/larksuite/cli/shortcuts/doc/doc_media_download.go:99.23,103.42 4 0
github.com/larksuite/cli/shortcuts/doc/doc_media_download.go:103.42,105.5 1 0
github.com/larksuite/cli/shortcuts/doc/doc_media_download.go:105.10,105.40 1 0
github.com/larksuite/cli/shortcuts/doc/doc_media_download.go:105.40,107.5 1 0
github.com/larksuite/cli/shortcuts/doc/doc_media_download.go:110.3,111.17 2 1
github.com/larksuite/cli/shortcuts/doc/doc_media_download.go:111.17,113.4 1 0
github.com/larksuite/cli/shortcuts/doc/doc_media_download.go:114.3,114.72 1 1
github.com/larksuite/cli/shortcuts/doc/doc_media_download.go:114.72,116.4 1 1
github.com/larksuite/cli/shortcuts/doc/doc_media_download.go:118.3,119.79 2 0
github.com/larksuite/cli/shortcuts/doc/doc_media_download.go:119.79,121.4 1 0
github.com/larksuite/cli/shortcuts/doc/doc_media_download.go:123.3,128.13 2 0
github.com/larksuite/cli/shortcuts/doc/doc_media_insert.go:45.76,47.17 2 1
github.com/larksuite/cli/shortcuts/doc/doc_media_insert.go:47.17,49.4 1 0
github.com/larksuite/cli/shortcuts/doc/doc_media_insert.go:50.3,50.27 1 1
github.com/larksuite/cli/shortcuts/doc/doc_media_insert.go:50.27,52.4 1 1
github.com/larksuite/cli/shortcuts/doc/doc_media_insert.go:53.3,53.13 1 1
github.com/larksuite/cli/shortcuts/doc/doc_media_insert.go:55.86,57.17 2 1
github.com/larksuite/cli/shortcuts/doc/doc_media_insert.go:57.17,59.4 1 0
github.com/larksuite/cli/shortcuts/doc/doc_media_insert.go:61.3,73.28 11 1
github.com/larksuite/cli/shortcuts/doc/doc_media_insert.go:73.28,80.4 3 1
github.com/larksuite/cli/shortcuts/doc/doc_media_insert.go:80.9,82.4 1 0
github.com/larksuite/cli/shortcuts/doc/doc_media_insert.go:84.3,102.42 2 1
github.com/larksuite/cli/shortcuts/doc/doc_media_insert.go:104.75,112.21 7 1
github.com/larksuite/cli/shortcuts/doc/doc_media_insert.go:112.21,114.4 1 0
github.com/larksuite/cli/shortcuts/doc/doc_media_insert.go:115.3,118.17 3 1
github.com/larksuite/cli/shortcuts/doc/doc_media_insert.go:118.17,120.4 1 0
github.com/larksuite/cli/shortcuts/doc/doc_media_insert.go:123.3,124.17 2 1
github.com/larksuite/cli/shortcuts/doc/doc_media_insert.go:124.17,126.4 1 1
github.com/larksuite/cli/shortcuts/doc/doc_media_insert.go:127.3,127.32 1 0
github.com/larksuite/cli/shortcuts/doc/doc_media_insert.go:127.32,129.4 1 0
github.com/larksuite/cli/shortcuts/doc/doc_media_insert.go:131.3,138.17 4 0
github.com/larksuite/cli/shortcuts/doc/doc_media_insert.go:138.17,140.4 1 0
github.com/larksuite/cli/shortcuts/doc/doc_media_insert.go:142.3,143.17 2 0
github.com/larksuite/cli/shortcuts/doc/doc_media_insert.go:143.17,145.4 1 0
github.com/larksuite/cli/shortcuts/doc/doc_media_insert.go:146.3,154.17 4 0
github.com/larksuite/cli/shortcuts/doc/doc_media_insert.go:154.17,156.4 1 0
github.com/larksuite/cli/shortcuts/doc/doc_media_insert.go:158.3,160.20 2 0
github.com/larksuite/cli/shortcuts/doc/doc_media_insert.go:160.20,162.4 1 0
github.com/larksuite/cli/shortcuts/doc/doc_media_insert.go:164.3,165.63 2 0
github.com/larksuite/cli/shortcuts/doc/doc_media_insert.go:165.63,167.4 1 0
github.com/larksuite/cli/shortcuts/doc/doc_media_insert.go:170.3,170.28 1 0
github.com/larksuite/cli/shortcuts/doc/doc_media_insert.go:170.28,176.4 3 0
github.com/larksuite/cli/shortcuts/doc/doc_media_insert.go:177.3,177.50 1 0
github.com/larksuite/cli/shortcuts/doc/doc_media_insert.go:177.50,179.26 2 0
github.com/larksuite/cli/shortcuts/doc/doc_media_insert.go:179.26,181.5 1 0
github.com/larksuite/cli/shortcuts/doc/doc_media_insert.go:182.4,184.16 3 0
github.com/larksuite/cli/shortcuts/doc/doc_media_insert.go:188.3,189.17 2 0
github.com/larksuite/cli/shortcuts/doc/doc_media_insert.go:189.17,191.4 1 0
github.com/larksuite/cli/shortcuts/doc/doc_media_insert.go:193.3,200.100 3 0
github.com/larksuite/cli/shortcuts/doc/doc_media_insert.go:200.100,202.4 1 0
github.com/larksuite/cli/shortcuts/doc/doc_media_insert.go:204.3,210.13 2 0
github.com/larksuite/cli/shortcuts/doc/doc_media_insert.go:214.50,215.25 1 1
github.com/larksuite/cli/shortcuts/doc/doc_media_insert.go:215.25,217.3 1 1
github.com/larksuite/cli/shortcuts/doc/doc_media_insert.go:218.2,218.11 1 1
github.com/larksuite/cli/shortcuts/doc/doc_media_insert.go:221.54,222.25 1 1
github.com/larksuite/cli/shortcuts/doc/doc_media_insert.go:222.25,224.3 1 0
github.com/larksuite/cli/shortcuts/doc/doc_media_insert.go:225.2,225.21 1 1
github.com/larksuite/cli/shortcuts/doc/doc_media_insert.go:228.79,232.25 2 1
github.com/larksuite/cli/shortcuts/doc/doc_media_insert.go:232.25,234.3 1 1
github.com/larksuite/cli/shortcuts/doc/doc_media_insert.go:234.8,236.3 1 1
github.com/larksuite/cli/shortcuts/doc/doc_media_insert.go:237.2,242.3 1 1
github.com/larksuite/cli/shortcuts/doc/doc_media_insert.go:245.61,250.2 1 1
github.com/larksuite/cli/shortcuts/doc/doc_media_insert.go:252.90,254.16 2 1
github.com/larksuite/cli/shortcuts/doc/doc_media_insert.go:254.16,256.3 1 0
github.com/larksuite/cli/shortcuts/doc/doc_media_insert.go:258.2,258.21 1 1
github.com/larksuite/cli/shortcuts/doc/doc_media_insert.go:259.14,260.27 1 0
github.com/larksuite/cli/shortcuts/doc/doc_media_insert.go:261.13,262.143 1 0
github.com/larksuite/cli/shortcuts/doc/doc_media_insert.go:263.14,271.17 3 1
github.com/larksuite/cli/shortcuts/doc/doc_media_insert.go:271.17,273.4 1 0
github.com/larksuite/cli/shortcuts/doc/doc_media_insert.go:275.3,278.38 4 1
github.com/larksuite/cli/shortcuts/doc/doc_media_insert.go:278.38,280.4 1 0
github.com/larksuite/cli/shortcuts/doc/doc_media_insert.go:281.3,281.24 1 1
github.com/larksuite/cli/shortcuts/doc/doc_media_insert.go:281.24,283.4 1 0
github.com/larksuite/cli/shortcuts/doc/doc_media_insert.go:285.3,286.23 2 1
github.com/larksuite/cli/shortcuts/doc/doc_media_insert.go:287.10,288.85 1 0
github.com/larksuite/cli/shortcuts/doc/doc_media_insert.go:292.107,296.25 2 1
github.com/larksuite/cli/shortcuts/doc/doc_media_insert.go:296.25,300.3 1 1
github.com/larksuite/cli/shortcuts/doc/doc_media_insert.go:300.8,304.45 2 1
github.com/larksuite/cli/shortcuts/doc/doc_media_insert.go:304.45,306.4 1 1
github.com/larksuite/cli/shortcuts/doc/doc_media_insert.go:307.3,307.20 1 1
github.com/larksuite/cli/shortcuts/doc/doc_media_insert.go:307.20,311.4 1 1
github.com/larksuite/cli/shortcuts/doc/doc_media_insert.go:312.3,312.42 1 1
github.com/larksuite/cli/shortcuts/doc/doc_media_insert.go:314.2,316.3 1 1
github.com/larksuite/cli/shortcuts/doc/doc_media_insert.go:319.104,321.21 2 1
github.com/larksuite/cli/shortcuts/doc/doc_media_insert.go:321.21,323.3 1 0
github.com/larksuite/cli/shortcuts/doc/doc_media_insert.go:325.2,326.61 2 1
github.com/larksuite/cli/shortcuts/doc/doc_media_insert.go:326.61,328.3 1 1
github.com/larksuite/cli/shortcuts/doc/doc_media_insert.go:330.2,331.42 2 1
github.com/larksuite/cli/shortcuts/doc/doc_media_insert.go:334.137,336.24 2 1
github.com/larksuite/cli/shortcuts/doc/doc_media_insert.go:336.24,338.3 1 0
github.com/larksuite/cli/shortcuts/doc/doc_media_insert.go:340.2,345.25 5 1
github.com/larksuite/cli/shortcuts/doc/doc_media_insert.go:345.25,347.3 1 1
github.com/larksuite/cli/shortcuts/doc/doc_media_insert.go:349.2,350.30 2 1
github.com/larksuite/cli/shortcuts/doc/doc_media_insert.go:350.30,352.3 1 0
github.com/larksuite/cli/shortcuts/doc/doc_media_insert.go:353.2,353.80 1 1
github.com/larksuite/cli/shortcuts/doc/doc_media_insert.go:353.80,356.3 2 1
github.com/larksuite/cli/shortcuts/doc/doc_media_insert.go:357.2,357.50 1 1
github.com/larksuite/cli/shortcuts/doc/doc_media_insert.go:361.148,363.16 2 0
github.com/larksuite/cli/shortcuts/doc/doc_media_insert.go:363.16,365.3 1 0
github.com/larksuite/cli/shortcuts/doc/doc_media_insert.go:366.2,369.16 3 0
github.com/larksuite/cli/shortcuts/doc/doc_media_insert.go:369.16,371.3 1 0
github.com/larksuite/cli/shortcuts/doc/doc_media_insert.go:372.2,382.17 8 0
github.com/larksuite/cli/shortcuts/doc/doc_media_insert.go:382.17,384.17 2 0
github.com/larksuite/cli/shortcuts/doc/doc_media_insert.go:384.17,386.4 1 0
github.com/larksuite/cli/shortcuts/doc/doc_media_insert.go:387.3,387.30 1 0
github.com/larksuite/cli/shortcuts/doc/doc_media_insert.go:389.2,396.16 3 0
github.com/larksuite/cli/shortcuts/doc/doc_media_insert.go:396.16,398.31 2 0
github.com/larksuite/cli/shortcuts/doc/doc_media_insert.go:398.31,400.4 1 0
github.com/larksuite/cli/shortcuts/doc/doc_media_insert.go:401.3,401.62 1 0
github.com/larksuite/cli/shortcuts/doc/doc_media_insert.go:404.2,405.65 2 0
github.com/larksuite/cli/shortcuts/doc/doc_media_insert.go:405.65,407.3 1 0
github.com/larksuite/cli/shortcuts/doc/doc_media_insert.go:409.2,410.15 2 0
github.com/larksuite/cli/shortcuts/doc/doc_media_insert.go:410.15,413.3 2 0
github.com/larksuite/cli/shortcuts/doc/doc_media_insert.go:415.2,417.21 3 0
github.com/larksuite/cli/shortcuts/doc/doc_media_insert.go:417.21,419.3 1 0
github.com/larksuite/cli/shortcuts/doc/doc_media_insert.go:421.2,421.23 1 0
github.com/larksuite/cli/shortcuts/doc/doc_media_upload.go:36.86,47.18 6 0
github.com/larksuite/cli/shortcuts/doc/doc_media_upload.go:47.18,49.4 1 0
github.com/larksuite/cli/shortcuts/doc/doc_media_upload.go:50.3,53.14 1 0
github.com/larksuite/cli/shortcuts/doc/doc_media_upload.go:55.75,62.21 6 0
github.com/larksuite/cli/shortcuts/doc/doc_media_upload.go:62.21,64.4 1 0
github.com/larksuite/cli/shortcuts/doc/doc_media_upload.go:65.3,69.17 3 0
github.com/larksuite/cli/shortcuts/doc/doc_media_upload.go:69.17,71.4 1 0
github.com/larksuite/cli/shortcuts/doc/doc_media_upload.go:72.3,72.32 1 0
github.com/larksuite/cli/shortcuts/doc/doc_media_upload.go:72.32,74.4 1 0
github.com/larksuite/cli/shortcuts/doc/doc_media_upload.go:76.3,80.17 4 0
github.com/larksuite/cli/shortcuts/doc/doc_media_upload.go:80.17,82.4 1 0
github.com/larksuite/cli/shortcuts/doc/doc_media_upload.go:83.3,91.18 7 0
github.com/larksuite/cli/shortcuts/doc/doc_media_upload.go:91.18,93.18 2 0
github.com/larksuite/cli/shortcuts/doc/doc_media_upload.go:93.18,95.5 1 0
github.com/larksuite/cli/shortcuts/doc/doc_media_upload.go:96.4,96.31 1 0
github.com/larksuite/cli/shortcuts/doc/doc_media_upload.go:98.3,105.17 3 0
github.com/larksuite/cli/shortcuts/doc/doc_media_upload.go:105.17,107.32 2 0
github.com/larksuite/cli/shortcuts/doc/doc_media_upload.go:107.32,109.5 1 0
github.com/larksuite/cli/shortcuts/doc/doc_media_upload.go:110.4,110.54 1 0
github.com/larksuite/cli/shortcuts/doc/doc_media_upload.go:113.3,114.66 2 0
github.com/larksuite/cli/shortcuts/doc/doc_media_upload.go:114.66,116.4 1 0
github.com/larksuite/cli/shortcuts/doc/doc_media_upload.go:118.3,119.16 2 0
github.com/larksuite/cli/shortcuts/doc/doc_media_upload.go:119.16,122.4 2 0
github.com/larksuite/cli/shortcuts/doc/doc_media_upload.go:124.3,126.22 3 0
github.com/larksuite/cli/shortcuts/doc/doc_media_upload.go:126.22,128.4 1 0
github.com/larksuite/cli/shortcuts/doc/doc_media_upload.go:130.3,135.13 2 0
github.com/larksuite/cli/shortcuts/doc/docs_create.go:26.76,28.40 2 0
github.com/larksuite/cli/shortcuts/doc/docs_create.go:28.40,30.4 1 0
github.com/larksuite/cli/shortcuts/doc/docs_create.go:31.3,31.37 1 0
github.com/larksuite/cli/shortcuts/doc/docs_create.go:31.37,33.4 1 0
github.com/larksuite/cli/shortcuts/doc/docs_create.go:34.3,34.38 1 0
github.com/larksuite/cli/shortcuts/doc/docs_create.go:34.38,36.4 1 0
github.com/larksuite/cli/shortcuts/doc/docs_create.go:37.3,37.16 1 0
github.com/larksuite/cli/shortcuts/doc/docs_create.go:37.16,39.4 1 0
github.com/larksuite/cli/shortcuts/doc/docs_create.go:40.3,40.13 1 0
github.com/larksuite/cli/shortcuts/doc/docs_create.go:42.86,46.41 2 0
github.com/larksuite/cli/shortcuts/doc/docs_create.go:46.41,48.4 1 0
github.com/larksuite/cli/shortcuts/doc/docs_create.go:49.3,49.48 1 0
github.com/larksuite/cli/shortcuts/doc/docs_create.go:49.48,51.4 1 0
github.com/larksuite/cli/shortcuts/doc/docs_create.go:52.3,52.45 1 0
github.com/larksuite/cli/shortcuts/doc/docs_create.go:52.45,54.4 1 0
github.com/larksuite/cli/shortcuts/doc/docs_create.go:55.3,55.46 1 0
github.com/larksuite/cli/shortcuts/doc/docs_create.go:55.46,57.4 1 0
github.com/larksuite/cli/shortcuts/doc/docs_create.go:58.3,62.51 1 0
github.com/larksuite/cli/shortcuts/doc/docs_create.go:64.75,68.41 2 0
github.com/larksuite/cli/shortcuts/doc/docs_create.go:68.41,70.4 1 0
github.com/larksuite/cli/shortcuts/doc/docs_create.go:71.3,71.48 1 0
github.com/larksuite/cli/shortcuts/doc/docs_create.go:71.48,73.4 1 0
github.com/larksuite/cli/shortcuts/doc/docs_create.go:74.3,74.45 1 0
github.com/larksuite/cli/shortcuts/doc/docs_create.go:74.45,76.4 1 0
github.com/larksuite/cli/shortcuts/doc/docs_create.go:77.3,77.46 1 0
github.com/larksuite/cli/shortcuts/doc/docs_create.go:77.46,79.4 1 0
github.com/larksuite/cli/shortcuts/doc/docs_create.go:81.3,82.17 2 0
github.com/larksuite/cli/shortcuts/doc/docs_create.go:82.17,84.4 1 0
github.com/larksuite/cli/shortcuts/doc/docs_create.go:86.3,87.13 2 0
github.com/larksuite/cli/shortcuts/doc/docs_fetch.go:28.86,32.42 2 0
github.com/larksuite/cli/shortcuts/doc/docs_fetch.go:32.42,35.4 2 0
github.com/larksuite/cli/shortcuts/doc/docs_fetch.go:36.3,36.41 1 0
github.com/larksuite/cli/shortcuts/doc/docs_fetch.go:36.41,39.4 2 0
github.com/larksuite/cli/shortcuts/doc/docs_fetch.go:40.3,44.50 1 0
github.com/larksuite/cli/shortcuts/doc/docs_fetch.go:46.75,50.42 2 0
github.com/larksuite/cli/shortcuts/doc/docs_fetch.go:50.42,53.4 2 0
github.com/larksuite/cli/shortcuts/doc/docs_fetch.go:54.3,54.41 1 0
github.com/larksuite/cli/shortcuts/doc/docs_fetch.go:54.41,57.4 2 0
github.com/larksuite/cli/shortcuts/doc/docs_fetch.go:59.3,60.17 2 0
github.com/larksuite/cli/shortcuts/doc/docs_fetch.go:60.17,62.4 1 0
github.com/larksuite/cli/shortcuts/doc/docs_fetch.go:64.3,64.48 1 0
github.com/larksuite/cli/shortcuts/doc/docs_fetch.go:64.48,66.4 1 0
github.com/larksuite/cli/shortcuts/doc/docs_fetch.go:68.3,68.52 1 0
github.com/larksuite/cli/shortcuts/doc/docs_fetch.go:68.52,69.64 1 0
github.com/larksuite/cli/shortcuts/doc/docs_fetch.go:69.64,71.5 1 0
github.com/larksuite/cli/shortcuts/doc/docs_fetch.go:72.4,72.49 1 0
github.com/larksuite/cli/shortcuts/doc/docs_fetch.go:72.49,74.5 1 0
github.com/larksuite/cli/shortcuts/doc/docs_fetch.go:75.4,75.63 1 0
github.com/larksuite/cli/shortcuts/doc/docs_fetch.go:75.63,77.5 1 0
github.com/larksuite/cli/shortcuts/doc/docs_fetch.go:79.3,79.13 1 0
github.com/larksuite/cli/shortcuts/doc/docs_search.go:35.86,42.17 2 0
github.com/larksuite/cli/shortcuts/doc/docs_search.go:42.17,44.4 1 0
github.com/larksuite/cli/shortcuts/doc/docs_search.go:46.3,48.21 1 0
github.com/larksuite/cli/shortcuts/doc/docs_search.go:50.75,57.17 2 0
github.com/larksuite/cli/shortcuts/doc/docs_search.go:57.17,59.4 1 0
github.com/larksuite/cli/shortcuts/doc/docs_search.go:61.3,62.17 2 0
github.com/larksuite/cli/shortcuts/doc/docs_search.go:62.17,64.4 1 0
github.com/larksuite/cli/shortcuts/doc/docs_search.go:65.3,77.94 4 0
github.com/larksuite/cli/shortcuts/doc/docs_search.go:77.94,78.33 1 0
github.com/larksuite/cli/shortcuts/doc/docs_search.go:78.33,81.5 2 0
github.com/larksuite/cli/shortcuts/doc/docs_search.go:84.4,86.41 3 0
github.com/larksuite/cli/shortcuts/doc/docs_search.go:86.41,88.17 2 0
github.com/larksuite/cli/shortcuts/doc/docs_search.go:88.17,89.14 1 0
github.com/larksuite/cli/shortcuts/doc/docs_search.go:92.5,98.26 6 0
github.com/larksuite/cli/shortcuts/doc/docs_search.go:98.26,100.6 1 0
github.com/larksuite/cli/shortcuts/doc/docs_search.go:101.5,103.44 3 0
github.com/larksuite/cli/shortcuts/doc/docs_search.go:103.44,105.6 1 0
github.com/larksuite/cli/shortcuts/doc/docs_search.go:107.5,109.26 3 0
github.com/larksuite/cli/shortcuts/doc/docs_search.go:109.26,112.6 2 0
github.com/larksuite/cli/shortcuts/doc/docs_search.go:113.5,113.22 1 0
github.com/larksuite/cli/shortcuts/doc/docs_search.go:113.22,115.6 1 0
github.com/larksuite/cli/shortcuts/doc/docs_search.go:117.5,122.7 1 0
github.com/larksuite/cli/shortcuts/doc/docs_search.go:125.4,128.15 4 0
github.com/larksuite/cli/shortcuts/doc/docs_search.go:128.15,130.5 1 0
github.com/larksuite/cli/shortcuts/doc/docs_search.go:131.4,131.61 1 0
github.com/larksuite/cli/shortcuts/doc/docs_search.go:133.3,133.13 1 0
github.com/larksuite/cli/shortcuts/doc/docs_search.go:137.110,139.19 2 1
github.com/larksuite/cli/shortcuts/doc/docs_search.go:139.19,141.3 1 0
github.com/larksuite/cli/shortcuts/doc/docs_search.go:142.2,142.19 1 1
github.com/larksuite/cli/shortcuts/doc/docs_search.go:142.19,144.3 1 0
github.com/larksuite/cli/shortcuts/doc/docs_search.go:146.2,150.21 2 1
github.com/larksuite/cli/shortcuts/doc/docs_search.go:150.21,152.3 1 0
github.com/larksuite/cli/shortcuts/doc/docs_search.go:154.2,154.21 1 1
github.com/larksuite/cli/shortcuts/doc/docs_search.go:154.21,158.3 3 0
github.com/larksuite/cli/shortcuts/doc/docs_search.go:160.2,161.67 2 1
github.com/larksuite/cli/shortcuts/doc/docs_search.go:161.67,163.3 1 0
github.com/larksuite/cli/shortcuts/doc/docs_search.go:164.2,164.70 1 1
github.com/larksuite/cli/shortcuts/doc/docs_search.go:164.70,166.3 1 1
github.com/larksuite/cli/shortcuts/doc/docs_search.go:167.2,167.72 1 1
github.com/larksuite/cli/shortcuts/doc/docs_search.go:167.72,169.3 1 0
github.com/larksuite/cli/shortcuts/doc/docs_search.go:171.2,173.27 3 1
github.com/larksuite/cli/shortcuts/doc/docs_search.go:173.27,175.3 1 1
github.com/larksuite/cli/shortcuts/doc/docs_search.go:176.2,177.25 2 1
github.com/larksuite/cli/shortcuts/doc/docs_search.go:181.80,183.9 2 1
github.com/larksuite/cli/shortcuts/doc/docs_search.go:183.9,185.3 1 1
github.com/larksuite/cli/shortcuts/doc/docs_search.go:186.2,187.9 2 1
github.com/larksuite/cli/shortcuts/doc/docs_search.go:187.9,189.3 1 0
github.com/larksuite/cli/shortcuts/doc/docs_search.go:191.2,192.64 2 1
github.com/larksuite/cli/shortcuts/doc/docs_search.go:192.64,194.17 2 1
github.com/larksuite/cli/shortcuts/doc/docs_search.go:194.17,196.4 1 1
github.com/larksuite/cli/shortcuts/doc/docs_search.go:197.3,197.30 1 1
github.com/larksuite/cli/shortcuts/doc/docs_search.go:199.2,199.58 1 1
github.com/larksuite/cli/shortcuts/doc/docs_search.go:199.58,201.17 2 1
github.com/larksuite/cli/shortcuts/doc/docs_search.go:201.17,203.4 1 0
github.com/larksuite/cli/shortcuts/doc/docs_search.go:204.3,204.26 1 1
github.com/larksuite/cli/shortcuts/doc/docs_search.go:206.2,207.12 2 1
github.com/larksuite/cli/shortcuts/doc/docs_search.go:210.49,217.28 2 1
github.com/larksuite/cli/shortcuts/doc/docs_search.go:217.28,218.71 1 1
github.com/larksuite/cli/shortcuts/doc/docs_search.go:218.71,220.4 1 1
github.com/larksuite/cli/shortcuts/doc/docs_search.go:223.2,223.59 1 1
github.com/larksuite/cli/shortcuts/doc/docs_search.go:223.59,225.3 1 0
github.com/larksuite/cli/shortcuts/doc/docs_search.go:226.2,226.82 1 1
github.com/larksuite/cli/shortcuts/doc/docs_search.go:229.51,230.14 1 1
github.com/larksuite/cli/shortcuts/doc/docs_search.go:230.14,232.3 1 0
github.com/larksuite/cli/shortcuts/doc/docs_search.go:234.2,235.25 2 1
github.com/larksuite/cli/shortcuts/doc/docs_search.go:236.15,237.12 1 0
github.com/larksuite/cli/shortcuts/doc/docs_search.go:238.19,240.17 2 1
github.com/larksuite/cli/shortcuts/doc/docs_search.go:240.17,242.4 1 0
github.com/larksuite/cli/shortcuts/doc/docs_search.go:243.3,243.15 1 1
github.com/larksuite/cli/shortcuts/doc/docs_search.go:244.14,246.17 2 1
github.com/larksuite/cli/shortcuts/doc/docs_search.go:246.17,248.4 1 0
github.com/larksuite/cli/shortcuts/doc/docs_search.go:249.3,249.15 1 1
github.com/larksuite/cli/shortcuts/doc/docs_search.go:250.10,251.12 1 0
github.com/larksuite/cli/shortcuts/doc/docs_search.go:254.2,254.43 1 1
github.com/larksuite/cli/shortcuts/doc/docs_search.go:254.43,256.3 1 0
github.com/larksuite/cli/shortcuts/doc/docs_search.go:259.2,260.17 2 1
github.com/larksuite/cli/shortcuts/doc/docs_search.go:260.17,262.3 1 0
github.com/larksuite/cli/shortcuts/doc/docs_search.go:263.2,264.31 2 1
github.com/larksuite/cli/shortcuts/doc/docs_search.go:268.56,269.42 1 1
github.com/larksuite/cli/shortcuts/doc/docs_search.go:269.42,271.28 2 1
github.com/larksuite/cli/shortcuts/doc/docs_search.go:271.28,273.4 1 1
github.com/larksuite/cli/shortcuts/doc/docs_search.go:274.3,274.16 1 1
github.com/larksuite/cli/shortcuts/doc/docs_search.go:276.2,276.12 1 0
github.com/larksuite/cli/shortcuts/doc/docs_search.go:279.57,280.27 1 1
github.com/larksuite/cli/shortcuts/doc/docs_search.go:281.21,283.26 2 0
github.com/larksuite/cli/shortcuts/doc/docs_search.go:283.26,285.4 1 0
github.com/larksuite/cli/shortcuts/doc/docs_search.go:286.3,286.16 1 0
github.com/larksuite/cli/shortcuts/doc/docs_search.go:287.30,289.28 2 1
github.com/larksuite/cli/shortcuts/doc/docs_search.go:289.28,290.43 1 1
github.com/larksuite/cli/shortcuts/doc/docs_search.go:290.43,292.13 2 0
github.com/larksuite/cli/shortcuts/doc/docs_search.go:294.4,295.39 2 1
github.com/larksuite/cli/shortcuts/doc/docs_search.go:295.39,297.18 2 1
github.com/larksuite/cli/shortcuts/doc/docs_search.go:297.18,299.6 1 1
github.com/larksuite/cli/shortcuts/doc/docs_search.go:302.3,302.13 1 1
github.com/larksuite/cli/shortcuts/doc/docs_search.go:303.10,304.15 1 1
github.com/larksuite/cli/shortcuts/doc/docs_update.go:46.76,48.24 2 0
github.com/larksuite/cli/shortcuts/doc/docs_update.go:48.24,50.4 1 0
github.com/larksuite/cli/shortcuts/doc/docs_update.go:52.3,52.62 1 0
github.com/larksuite/cli/shortcuts/doc/docs_update.go:52.62,54.4 1 0
github.com/larksuite/cli/shortcuts/doc/docs_update.go:56.3,58.42 3 0
github.com/larksuite/cli/shortcuts/doc/docs_update.go:58.42,60.4 1 0
github.com/larksuite/cli/shortcuts/doc/docs_update.go:62.3,62.66 1 0
github.com/larksuite/cli/shortcuts/doc/docs_update.go:62.66,64.4 1 0
github.com/larksuite/cli/shortcuts/doc/docs_update.go:66.3,66.13 1 0
github.com/larksuite/cli/shortcuts/doc/docs_update.go:68.86,73.44 2 0
github.com/larksuite/cli/shortcuts/doc/docs_update.go:73.44,75.4 1 0
github.com/larksuite/cli/shortcuts/doc/docs_update.go:76.3,76.59 1 0
github.com/larksuite/cli/shortcuts/doc/docs_update.go:76.59,78.4 1 0
github.com/larksuite/cli/shortcuts/doc/docs_update.go:79.3,79.54 1 0
github.com/larksuite/cli/shortcuts/doc/docs_update.go:79.54,81.4 1 0
github.com/larksuite/cli/shortcuts/doc/docs_update.go:82.3,82.45 1 0
github.com/larksuite/cli/shortcuts/doc/docs_update.go:82.45,84.4 1 0
github.com/larksuite/cli/shortcuts/doc/docs_update.go:85.3,89.51 1 0
github.com/larksuite/cli/shortcuts/doc/docs_update.go:91.75,96.44 2 0
github.com/larksuite/cli/shortcuts/doc/docs_update.go:96.44,98.4 1 0
github.com/larksuite/cli/shortcuts/doc/docs_update.go:99.3,99.59 1 0
github.com/larksuite/cli/shortcuts/doc/docs_update.go:99.59,101.4 1 0
github.com/larksuite/cli/shortcuts/doc/docs_update.go:102.3,102.54 1 0
github.com/larksuite/cli/shortcuts/doc/docs_update.go:102.54,104.4 1 0
github.com/larksuite/cli/shortcuts/doc/docs_update.go:105.3,105.45 1 0
github.com/larksuite/cli/shortcuts/doc/docs_update.go:105.45,107.4 1 0
github.com/larksuite/cli/shortcuts/doc/docs_update.go:109.3,110.17 2 0
github.com/larksuite/cli/shortcuts/doc/docs_update.go:110.17,112.4 1 0
github.com/larksuite/cli/shortcuts/doc/docs_update.go:114.3,116.13 3 0
github.com/larksuite/cli/shortcuts/doc/docs_update.go:120.80,121.43 1 1
github.com/larksuite/cli/shortcuts/doc/docs_update.go:121.43,123.3 1 1
github.com/larksuite/cli/shortcuts/doc/docs_update.go:124.2,124.71 1 1
github.com/larksuite/cli/shortcuts/doc/docs_update.go:127.55,129.85 2 1
github.com/larksuite/cli/shortcuts/doc/docs_update.go:129.85,131.3 1 1
github.com/larksuite/cli/shortcuts/doc/docs_update.go:132.2,133.87 1 1
github.com/larksuite/cli/shortcuts/doc/docs_update.go:136.53,137.25 1 1
github.com/larksuite/cli/shortcuts/doc/docs_update.go:138.11,139.20 1 1
github.com/larksuite/cli/shortcuts/doc/docs_update.go:140.16,141.11 1 0
github.com/larksuite/cli/shortcuts/doc/docs_update.go:142.21,144.26 2 1
github.com/larksuite/cli/shortcuts/doc/docs_update.go:144.26,145.45 1 1
github.com/larksuite/cli/shortcuts/doc/docs_update.go:145.45,147.5 1 1
github.com/larksuite/cli/shortcuts/doc/docs_update.go:149.3,149.16 1 1
github.com/larksuite/cli/shortcuts/doc/docs_update.go:150.14,151.14 1 0
github.com/larksuite/cli/shortcuts/doc/docs_update.go:151.14,153.4 1 0
github.com/larksuite/cli/shortcuts/doc/docs_update.go:154.3,154.21 1 0
github.com/larksuite/cli/shortcuts/doc/docs_update.go:155.10,156.20 1 0
github.com/larksuite/cli/shortcuts/doc/helpers.go:18.58,20.15 2 1
github.com/larksuite/cli/shortcuts/doc/helpers.go:20.15,22.3 1 0
github.com/larksuite/cli/shortcuts/doc/helpers.go:24.2,24.58 1 1
github.com/larksuite/cli/shortcuts/doc/helpers.go:24.58,26.3 1 1
github.com/larksuite/cli/shortcuts/doc/helpers.go:27.2,27.58 1 1
github.com/larksuite/cli/shortcuts/doc/helpers.go:27.58,29.3 1 1
github.com/larksuite/cli/shortcuts/doc/helpers.go:30.2,30.57 1 1
github.com/larksuite/cli/shortcuts/doc/helpers.go:30.57,32.3 1 1
github.com/larksuite/cli/shortcuts/doc/helpers.go:33.2,33.34 1 1
github.com/larksuite/cli/shortcuts/doc/helpers.go:33.34,35.3 1 1
github.com/larksuite/cli/shortcuts/doc/helpers.go:36.2,36.37 1 1
github.com/larksuite/cli/shortcuts/doc/helpers.go:36.37,38.3 1 0
github.com/larksuite/cli/shortcuts/doc/helpers.go:40.2,40.51 1 1
github.com/larksuite/cli/shortcuts/doc/helpers.go:43.62,45.13 2 1
github.com/larksuite/cli/shortcuts/doc/helpers.go:45.13,47.3 1 1
github.com/larksuite/cli/shortcuts/doc/helpers.go:48.2,49.53 2 1
github.com/larksuite/cli/shortcuts/doc/helpers.go:49.53,51.3 1 1
github.com/larksuite/cli/shortcuts/doc/helpers.go:52.2,53.17 2 1
github.com/larksuite/cli/shortcuts/doc/helpers.go:53.17,55.3 1 0
github.com/larksuite/cli/shortcuts/doc/helpers.go:56.2,56.20 1 1
github.com/larksuite/cli/shortcuts/doc/helpers.go:59.57,61.16 2 1
github.com/larksuite/cli/shortcuts/doc/helpers.go:61.16,63.3 1 0
github.com/larksuite/cli/shortcuts/doc/helpers.go:64.2,64.27 1 1
github.com/larksuite/cli/shortcuts/doc/markdown_fix.go:28.44,34.37 5 1
github.com/larksuite/cli/shortcuts/doc/markdown_fix.go:34.37,36.3 1 0
github.com/larksuite/cli/shortcuts/doc/markdown_fix.go:37.2,38.11 2 1
github.com/larksuite/cli/shortcuts/doc/markdown_fix.go:47.48,50.29 3 1
github.com/larksuite/cli/shortcuts/doc/markdown_fix.go:50.29,52.95 2 1
github.com/larksuite/cli/shortcuts/doc/markdown_fix.go:52.95,54.4 1 1
github.com/larksuite/cli/shortcuts/doc/markdown_fix.go:56.2,56.32 1 1
github.com/larksuite/cli/shortcuts/doc/markdown_fix.go:74.39,78.29 2 1
github.com/larksuite/cli/shortcuts/doc/markdown_fix.go:78.29,81.3 2 1
github.com/larksuite/cli/shortcuts/doc/markdown_fix.go:82.2,84.11 3 1
github.com/larksuite/cli/shortcuts/doc/markdown_fix.go:89.43,91.2 1 1
github.com/larksuite/cli/shortcuts/doc/markdown_fix.go:102.42,105.2 1 1
github.com/larksuite/cli/shortcuts/doc/markdown_fix.go:115.46,127.29 7 1
github.com/larksuite/cli/shortcuts/doc/markdown_fix.go:127.29,131.40 2 1
github.com/larksuite/cli/shortcuts/doc/markdown_fix.go:131.40,132.19 1 1
github.com/larksuite/cli/shortcuts/doc/markdown_fix.go:132.19,135.5 2 1
github.com/larksuite/cli/shortcuts/doc/markdown_fix.go:135.10,138.5 2 1
github.com/larksuite/cli/shortcuts/doc/markdown_fix.go:139.4,140.12 2 1
github.com/larksuite/cli/shortcuts/doc/markdown_fix.go:143.3,143.19 1 1
github.com/larksuite/cli/shortcuts/doc/markdown_fix.go:143.19,145.36 1 1
github.com/larksuite/cli/shortcuts/doc/markdown_fix.go:145.36,146.23 1 1
github.com/larksuite/cli/shortcuts/doc/markdown_fix.go:146.23,147.14 1 1
github.com/larksuite/cli/shortcuts/doc/markdown_fix.go:149.5,149.42 1 1
github.com/larksuite/cli/shortcuts/doc/markdown_fix.go:149.42,151.6 1 1
github.com/larksuite/cli/shortcuts/doc/markdown_fix.go:152.5,152.41 1 1
github.com/larksuite/cli/shortcuts/doc/markdown_fix.go:152.41,154.25 2 1
github.com/larksuite/cli/shortcuts/doc/markdown_fix.go:154.25,156.7 1 0
github.com/larksuite/cli/shortcuts/doc/markdown_fix.go:161.4,161.49 1 1
github.com/larksuite/cli/shortcuts/doc/markdown_fix.go:161.49,163.5 1 1
github.com/larksuite/cli/shortcuts/doc/markdown_fix.go:164.4,164.50 1 1
github.com/larksuite/cli/shortcuts/doc/markdown_fix.go:164.50,166.23 2 1
github.com/larksuite/cli/shortcuts/doc/markdown_fix.go:166.23,168.6 1 0
github.com/larksuite/cli/shortcuts/doc/markdown_fix.go:170.4,170.47 1 1
github.com/larksuite/cli/shortcuts/doc/markdown_fix.go:170.47,172.5 1 1
github.com/larksuite/cli/shortcuts/doc/markdown_fix.go:173.4,173.47 1 1
github.com/larksuite/cli/shortcuts/doc/markdown_fix.go:173.47,175.5 1 1
github.com/larksuite/cli/shortcuts/doc/markdown_fix.go:180.3,180.49 1 1
github.com/larksuite/cli/shortcuts/doc/markdown_fix.go:180.49,190.74 3 1
github.com/larksuite/cli/shortcuts/doc/markdown_fix.go:190.74,192.21 2 1
github.com/larksuite/cli/shortcuts/doc/markdown_fix.go:192.21,194.6 1 1
github.com/larksuite/cli/shortcuts/doc/markdown_fix.go:196.5,196.50 1 1
github.com/larksuite/cli/shortcuts/doc/markdown_fix.go:196.50,198.6 1 1
github.com/larksuite/cli/shortcuts/doc/markdown_fix.go:202.3,202.26 1 1
github.com/larksuite/cli/shortcuts/doc/markdown_fix.go:205.2,205.32 1 1
github.com/larksuite/cli/shortcuts/doc/shortcuts.go:9.36,18.2 1 0
